{"level":"info","message":"Starting Advantage Z application...","service":"advantage-z","timestamp":"2025-08-06T20:00:23.383Z"}
{"level":"info","message":"Server running on port 3000","service":"advantage-z","timestamp":"2025-08-06T20:00:23.389Z"}
{"level":"info","message":"Dashboard available at http://localhost:3000","service":"advantage-z","timestamp":"2025-08-06T20:00:23.389Z"}
{"level":"info","message":"API available at http://localhost:3000/api","service":"advantage-z","timestamp":"2025-08-06T20:00:23.390Z"}
{"level":"info","message":"Starting Advantage Z application...","service":"advantage-z","timestamp":"2025-08-06T20:01:36.132Z"}
{"level":"info","message":"Server running on port 3000","service":"advantage-z","timestamp":"2025-08-06T20:01:36.138Z"}
{"level":"info","message":"Dashboard available at http://localhost:3000","service":"advantage-z","timestamp":"2025-08-06T20:01:36.138Z"}
{"level":"info","message":"API available at http://localhost:3000/api","service":"advantage-z","timestamp":"2025-08-06T20:01:36.138Z"}
{"code":"ECONNREFUSED","level":"error","message":"Failed to connect to database:","service":"advantage-z","stack":"AggregateError\n    at C:\\Users\\epj33\\Desktop\\Mark Bets\\node_modules\\pg-pool\\index.js:45:11\n    at processTicksAndRejections (node:internal/process/task_queues:105:5)\n    at async DatabaseService.connect (C:\\Users\\epj33\\Desktop\\Mark Bets\\src\\services\\db.service.ts:32:22)\n    at async bootstrap (C:\\Users\\epj33\\Desktop\\Mark Bets\\src\\app.ts:11:7)","timestamp":"2025-08-06T20:01:36.146Z"}
{"code":"ECONNREFUSED","level":"warn","message":"Database connection failed, running without database:","service":"advantage-z","stack":"AggregateError\n    at C:\\Users\\epj33\\Desktop\\Mark Bets\\node_modules\\pg-pool\\index.js:45:11\n    at processTicksAndRejections (node:internal/process/task_queues:105:5)\n    at async DatabaseService.connect (C:\\Users\\epj33\\Desktop\\Mark Bets\\src\\services\\db.service.ts:32:22)\n    at async bootstrap (C:\\Users\\epj33\\Desktop\\Mark Bets\\src\\app.ts:11:7)","timestamp":"2025-08-06T20:01:36.146Z"}
{"level":"info","message":"Application started successfully","service":"advantage-z","timestamp":"2025-08-06T20:01:36.146Z"}
{"level":"info","message":"Starting Advantage Z application...","service":"advantage-z","timestamp":"2025-08-06T20:01:43.216Z"}
{"level":"info","message":"Server running on port 3000","service":"advantage-z","timestamp":"2025-08-06T20:01:43.222Z"}
{"level":"info","message":"Dashboard available at http://localhost:3000","service":"advantage-z","timestamp":"2025-08-06T20:01:43.222Z"}
{"level":"info","message":"API available at http://localhost:3000/api","service":"advantage-z","timestamp":"2025-08-06T20:01:43.223Z"}
{"code":"ECONNREFUSED","level":"error","message":"Failed to connect to database:","service":"advantage-z","stack":"AggregateError\n    at C:\\Users\\epj33\\Desktop\\Mark Bets\\node_modules\\pg-pool\\index.js:45:11\n    at processTicksAndRejections (node:internal/process/task_queues:105:5)\n    at async DatabaseService.connect (C:\\Users\\epj33\\Desktop\\Mark Bets\\src\\services\\db.service.ts:32:22)\n    at async bootstrap (C:\\Users\\epj33\\Desktop\\Mark Bets\\src\\app.ts:11:7)","timestamp":"2025-08-06T20:01:43.229Z"}
{"code":"ECONNREFUSED","level":"warn","message":"Database connection failed, running without database:","service":"advantage-z","stack":"AggregateError\n    at C:\\Users\\epj33\\Desktop\\Mark Bets\\node_modules\\pg-pool\\index.js:45:11\n    at processTicksAndRejections (node:internal/process/task_queues:105:5)\n    at async DatabaseService.connect (C:\\Users\\epj33\\Desktop\\Mark Bets\\src\\services\\db.service.ts:32:22)\n    at async bootstrap (C:\\Users\\epj33\\Desktop\\Mark Bets\\src\\app.ts:11:7)","timestamp":"2025-08-06T20:01:43.230Z"}
{"level":"info","message":"Application started successfully","service":"advantage-z","timestamp":"2025-08-06T20:01:43.230Z"}
{"level":"info","message":"Starting Advantage Z application...","service":"advantage-z","timestamp":"2025-08-06T20:03:25.656Z"}
{"level":"info","message":"Server running on port 3000","service":"advantage-z","timestamp":"2025-08-06T20:03:25.663Z"}
{"level":"info","message":"Dashboard available at http://localhost:3000","service":"advantage-z","timestamp":"2025-08-06T20:03:25.664Z"}
{"level":"info","message":"API available at http://localhost:3000/api","service":"advantage-z","timestamp":"2025-08-06T20:03:25.664Z"}
{"code":"ECONNREFUSED","level":"error","message":"Failed to connect to database:","service":"advantage-z","stack":"AggregateError\n    at C:\\Users\\epj33\\Desktop\\Mark Bets\\node_modules\\pg-pool\\index.js:45:11\n    at processTicksAndRejections (node:internal/process/task_queues:105:5)\n    at async DatabaseService.connect (C:\\Users\\epj33\\Desktop\\Mark Bets\\src\\services\\db.service.ts:32:22)\n    at async bootstrap (C:\\Users\\epj33\\Desktop\\Mark Bets\\src\\app.ts:11:7)","timestamp":"2025-08-06T20:03:25.670Z"}
{"code":"ECONNREFUSED","level":"warn","message":"Database connection failed, running without database:","service":"advantage-z","stack":"AggregateError\n    at C:\\Users\\epj33\\Desktop\\Mark Bets\\node_modules\\pg-pool\\index.js:45:11\n    at processTicksAndRejections (node:internal/process/task_queues:105:5)\n    at async DatabaseService.connect (C:\\Users\\epj33\\Desktop\\Mark Bets\\src\\services\\db.service.ts:32:22)\n    at async bootstrap (C:\\Users\\epj33\\Desktop\\Mark Bets\\src\\app.ts:11:7)","timestamp":"2025-08-06T20:03:25.671Z"}
{"level":"info","message":"Application started successfully","service":"advantage-z","timestamp":"2025-08-06T20:03:25.671Z"}
{"level":"info","message":"Starting Advantage Z application...","service":"ionoi-bets","timestamp":"2025-08-06T20:03:31.638Z"}
{"level":"info","message":"Server running on port 3000","service":"ionoi-bets","timestamp":"2025-08-06T20:03:31.644Z"}
{"level":"info","message":"Dashboard available at http://localhost:3000","service":"ionoi-bets","timestamp":"2025-08-06T20:03:31.645Z"}
{"level":"info","message":"API available at http://localhost:3000/api","service":"ionoi-bets","timestamp":"2025-08-06T20:03:31.645Z"}
{"code":"ECONNREFUSED","level":"error","message":"Failed to connect to database:","service":"ionoi-bets","stack":"AggregateError\n    at C:\\Users\\epj33\\Desktop\\Mark Bets\\node_modules\\pg-pool\\index.js:45:11\n    at processTicksAndRejections (node:internal/process/task_queues:105:5)\n    at async DatabaseService.connect (C:\\Users\\epj33\\Desktop\\Mark Bets\\src\\services\\db.service.ts:32:22)\n    at async bootstrap (C:\\Users\\epj33\\Desktop\\Mark Bets\\src\\app.ts:11:7)","timestamp":"2025-08-06T20:03:31.651Z"}
{"code":"ECONNREFUSED","level":"warn","message":"Database connection failed, running without database:","service":"ionoi-bets","stack":"AggregateError\n    at C:\\Users\\epj33\\Desktop\\Mark Bets\\node_modules\\pg-pool\\index.js:45:11\n    at processTicksAndRejections (node:internal/process/task_queues:105:5)\n    at async DatabaseService.connect (C:\\Users\\epj33\\Desktop\\Mark Bets\\src\\services\\db.service.ts:32:22)\n    at async bootstrap (C:\\Users\\epj33\\Desktop\\Mark Bets\\src\\app.ts:11:7)","timestamp":"2025-08-06T20:03:31.652Z"}
{"level":"info","message":"Application started successfully","service":"ionoi-bets","timestamp":"2025-08-06T20:03:31.652Z"}
{"level":"info","message":"Starting IonoI Bets application...","service":"ionoi-bets","timestamp":"2025-08-06T20:03:38.171Z"}
{"level":"info","message":"Server running on port 3000","service":"ionoi-bets","timestamp":"2025-08-06T20:03:38.178Z"}
{"level":"info","message":"Dashboard available at http://localhost:3000","service":"ionoi-bets","timestamp":"2025-08-06T20:03:38.178Z"}
{"level":"info","message":"API available at http://localhost:3000/api","service":"ionoi-bets","timestamp":"2025-08-06T20:03:38.178Z"}
{"code":"ECONNREFUSED","level":"error","message":"Failed to connect to database:","service":"ionoi-bets","stack":"AggregateError\n    at C:\\Users\\epj33\\Desktop\\Mark Bets\\node_modules\\pg-pool\\index.js:45:11\n    at processTicksAndRejections (node:internal/process/task_queues:105:5)\n    at async DatabaseService.connect (C:\\Users\\epj33\\Desktop\\Mark Bets\\src\\services\\db.service.ts:32:22)\n    at async bootstrap (C:\\Users\\epj33\\Desktop\\Mark Bets\\src\\app.ts:11:7)","timestamp":"2025-08-06T20:03:38.185Z"}
{"code":"ECONNREFUSED","level":"warn","message":"Database connection failed, running without database:","service":"ionoi-bets","stack":"AggregateError\n    at C:\\Users\\epj33\\Desktop\\Mark Bets\\node_modules\\pg-pool\\index.js:45:11\n    at processTicksAndRejections (node:internal/process/task_queues:105:5)\n    at async DatabaseService.connect (C:\\Users\\epj33\\Desktop\\Mark Bets\\src\\services\\db.service.ts:32:22)\n    at async bootstrap (C:\\Users\\epj33\\Desktop\\Mark Bets\\src\\app.ts:11:7)","timestamp":"2025-08-06T20:03:38.185Z"}
{"level":"info","message":"Application started successfully","service":"ionoi-bets","timestamp":"2025-08-06T20:03:38.185Z"}
{"level":"info","message":"Starting IonoI Bets application...","service":"ionoi-bets","timestamp":"2025-08-06T20:04:03.925Z"}
{"level":"info","message":"Server running on port 3000","service":"ionoi-bets","timestamp":"2025-08-06T20:04:03.931Z"}
{"level":"info","message":"Dashboard available at http://localhost:3000","service":"ionoi-bets","timestamp":"2025-08-06T20:04:03.932Z"}
{"level":"info","message":"API available at http://localhost:3000/api","service":"ionoi-bets","timestamp":"2025-08-06T20:04:03.932Z"}
{"code":"ECONNREFUSED","level":"error","message":"Failed to connect to database:","service":"ionoi-bets","stack":"AggregateError\n    at C:\\Users\\epj33\\Desktop\\Mark Bets\\node_modules\\pg-pool\\index.js:45:11\n    at processTicksAndRejections (node:internal/process/task_queues:105:5)\n    at async DatabaseService.connect (C:\\Users\\epj33\\Desktop\\Mark Bets\\src\\services\\db.service.ts:32:22)\n    at async bootstrap (C:\\Users\\epj33\\Desktop\\Mark Bets\\src\\app.ts:11:7)","timestamp":"2025-08-06T20:04:03.939Z"}
{"code":"ECONNREFUSED","level":"warn","message":"Database connection failed, running without database:","service":"ionoi-bets","stack":"AggregateError\n    at C:\\Users\\epj33\\Desktop\\Mark Bets\\node_modules\\pg-pool\\index.js:45:11\n    at processTicksAndRejections (node:internal/process/task_queues:105:5)\n    at async DatabaseService.connect (C:\\Users\\epj33\\Desktop\\Mark Bets\\src\\services\\db.service.ts:32:22)\n    at async bootstrap (C:\\Users\\epj33\\Desktop\\Mark Bets\\src\\app.ts:11:7)","timestamp":"2025-08-06T20:04:03.939Z"}
{"level":"info","message":"Application started successfully","service":"ionoi-bets","timestamp":"2025-08-06T20:04:03.939Z"}
{"level":"info","message":"Starting IonoI Bets application...","service":"ionoi-bets","timestamp":"2025-08-06T20:04:14.791Z"}
{"level":"info","message":"Server running on port 3000","service":"ionoi-bets","timestamp":"2025-08-06T20:04:14.798Z"}
{"level":"info","message":"Dashboard available at http://localhost:3000","service":"ionoi-bets","timestamp":"2025-08-06T20:04:14.798Z"}
{"level":"info","message":"API available at http://localhost:3000/api","service":"ionoi-bets","timestamp":"2025-08-06T20:04:14.798Z"}
{"code":"ECONNREFUSED","level":"error","message":"Failed to connect to database:","service":"ionoi-bets","stack":"AggregateError\n    at C:\\Users\\epj33\\Desktop\\Mark Bets\\node_modules\\pg-pool\\index.js:45:11\n    at processTicksAndRejections (node:internal/process/task_queues:105:5)\n    at async DatabaseService.connect (C:\\Users\\epj33\\Desktop\\Mark Bets\\src\\services\\db.service.ts:32:22)\n    at async bootstrap (C:\\Users\\epj33\\Desktop\\Mark Bets\\src\\app.ts:11:7)","timestamp":"2025-08-06T20:04:14.805Z"}
{"code":"ECONNREFUSED","level":"warn","message":"Database connection failed, running without database:","service":"ionoi-bets","stack":"AggregateError\n    at C:\\Users\\epj33\\Desktop\\Mark Bets\\node_modules\\pg-pool\\index.js:45:11\n    at processTicksAndRejections (node:internal/process/task_queues:105:5)\n    at async DatabaseService.connect (C:\\Users\\epj33\\Desktop\\Mark Bets\\src\\services\\db.service.ts:32:22)\n    at async bootstrap (C:\\Users\\epj33\\Desktop\\Mark Bets\\src\\app.ts:11:7)","timestamp":"2025-08-06T20:04:14.805Z"}
{"level":"info","message":"Application started successfully","service":"ionoi-bets","timestamp":"2025-08-06T20:04:14.805Z"}
{"level":"info","message":"Starting IonoI Bets application...","service":"ionoi-bets","timestamp":"2025-08-06T20:08:12.804Z"}
{"level":"info","message":"Server running on port 3000","service":"ionoi-bets","timestamp":"2025-08-06T20:08:12.811Z"}
{"level":"info","message":"Dashboard available at http://localhost:3000","service":"ionoi-bets","timestamp":"2025-08-06T20:08:12.811Z"}
{"level":"info","message":"API available at http://localhost:3000/api","service":"ionoi-bets","timestamp":"2025-08-06T20:08:12.811Z"}
{"code":"ECONNREFUSED","level":"error","message":"Failed to connect to database:","service":"ionoi-bets","stack":"AggregateError\n    at C:\\Users\\epj33\\Desktop\\Mark Bets\\node_modules\\pg-pool\\index.js:45:11\n    at processTicksAndRejections (node:internal/process/task_queues:105:5)\n    at async DatabaseService.connect (C:\\Users\\epj33\\Desktop\\Mark Bets\\src\\services\\db.service.ts:32:22)\n    at async bootstrap (C:\\Users\\epj33\\Desktop\\Mark Bets\\src\\app.ts:11:7)","timestamp":"2025-08-06T20:08:12.818Z"}
{"code":"ECONNREFUSED","level":"warn","message":"Database connection failed, running without database:","service":"ionoi-bets","stack":"AggregateError\n    at C:\\Users\\epj33\\Desktop\\Mark Bets\\node_modules\\pg-pool\\index.js:45:11\n    at processTicksAndRejections (node:internal/process/task_queues:105:5)\n    at async DatabaseService.connect (C:\\Users\\epj33\\Desktop\\Mark Bets\\src\\services\\db.service.ts:32:22)\n    at async bootstrap (C:\\Users\\epj33\\Desktop\\Mark Bets\\src\\app.ts:11:7)","timestamp":"2025-08-06T20:08:12.818Z"}
{"level":"info","message":"Application started successfully","service":"ionoi-bets","timestamp":"2025-08-06T20:08:12.819Z"}
{"level":"info","message":"Starting IonoI Bets application...","service":"ionoi-bets","timestamp":"2025-08-06T20:08:51.182Z"}
{"level":"info","message":"Server running on port 3000","service":"ionoi-bets","timestamp":"2025-08-06T20:08:51.188Z"}
{"level":"info","message":"Dashboard available at http://localhost:3000","service":"ionoi-bets","timestamp":"2025-08-06T20:08:51.189Z"}
{"level":"info","message":"API available at http://localhost:3000/api","service":"ionoi-bets","timestamp":"2025-08-06T20:08:51.189Z"}
{"code":"ECONNREFUSED","level":"error","message":"Failed to connect to database:","service":"ionoi-bets","stack":"AggregateError\n    at C:\\Users\\epj33\\Desktop\\Mark Bets\\node_modules\\pg-pool\\index.js:45:11\n    at processTicksAndRejections (node:internal/process/task_queues:105:5)\n    at async DatabaseService.connect (C:\\Users\\epj33\\Desktop\\Mark Bets\\src\\services\\db.service.ts:32:22)\n    at async bootstrap (C:\\Users\\epj33\\Desktop\\Mark Bets\\src\\app.ts:11:7)","timestamp":"2025-08-06T20:08:51.195Z"}
{"code":"ECONNREFUSED","level":"warn","message":"Database connection failed, running without database:","service":"ionoi-bets","stack":"AggregateError\n    at C:\\Users\\epj33\\Desktop\\Mark Bets\\node_modules\\pg-pool\\index.js:45:11\n    at processTicksAndRejections (node:internal/process/task_queues:105:5)\n    at async DatabaseService.connect (C:\\Users\\epj33\\Desktop\\Mark Bets\\src\\services\\db.service.ts:32:22)\n    at async bootstrap (C:\\Users\\epj33\\Desktop\\Mark Bets\\src\\app.ts:11:7)","timestamp":"2025-08-06T20:08:51.196Z"}
{"level":"info","message":"Application started successfully","service":"ionoi-bets","timestamp":"2025-08-06T20:08:51.196Z"}
{"level":"info","message":"Starting IonoI Bets application...","service":"ionoi-bets","timestamp":"2025-08-06T20:10:07.003Z"}
{"level":"info","message":"Server running on port 3000","service":"ionoi-bets","timestamp":"2025-08-06T20:10:07.009Z"}
{"level":"info","message":"Dashboard available at http://localhost:3000","service":"ionoi-bets","timestamp":"2025-08-06T20:10:07.010Z"}
{"level":"info","message":"API available at http://localhost:3000/api","service":"ionoi-bets","timestamp":"2025-08-06T20:10:07.010Z"}
{"code":"ECONNREFUSED","level":"error","message":"Failed to connect to database:","service":"ionoi-bets","stack":"AggregateError\n    at C:\\Users\\epj33\\Desktop\\Mark Bets\\node_modules\\pg-pool\\index.js:45:11\n    at processTicksAndRejections (node:internal/process/task_queues:105:5)\n    at async DatabaseService.connect (C:\\Users\\epj33\\Desktop\\Mark Bets\\src\\services\\db.service.ts:32:22)\n    at async bootstrap (C:\\Users\\epj33\\Desktop\\Mark Bets\\src\\app.ts:11:7)","timestamp":"2025-08-06T20:10:07.017Z"}
{"code":"ECONNREFUSED","level":"warn","message":"Database connection failed, running without database:","service":"ionoi-bets","stack":"AggregateError\n    at C:\\Users\\epj33\\Desktop\\Mark Bets\\node_modules\\pg-pool\\index.js:45:11\n    at processTicksAndRejections (node:internal/process/task_queues:105:5)\n    at async DatabaseService.connect (C:\\Users\\epj33\\Desktop\\Mark Bets\\src\\services\\db.service.ts:32:22)\n    at async bootstrap (C:\\Users\\epj33\\Desktop\\Mark Bets\\src\\app.ts:11:7)","timestamp":"2025-08-06T20:10:07.017Z"}
{"level":"info","message":"Application started successfully","service":"ionoi-bets","timestamp":"2025-08-06T20:10:07.017Z"}
{"level":"info","message":"Starting IonoI Bets application...","service":"ionoi-bets","timestamp":"2025-08-06T20:13:54.470Z"}
{"level":"info","message":"Server running on port 3000","service":"ionoi-bets","timestamp":"2025-08-06T20:13:54.476Z"}
{"level":"info","message":"Dashboard available at http://localhost:3000","service":"ionoi-bets","timestamp":"2025-08-06T20:13:54.476Z"}
{"level":"info","message":"API available at http://localhost:3000/api","service":"ionoi-bets","timestamp":"2025-08-06T20:13:54.476Z"}
{"code":"ECONNREFUSED","level":"error","message":"Failed to connect to database:","service":"ionoi-bets","stack":"AggregateError\n    at C:\\Users\\epj33\\Desktop\\Mark Bets\\node_modules\\pg-pool\\index.js:45:11\n    at processTicksAndRejections (node:internal/process/task_queues:105:5)\n    at async DatabaseService.connect (C:\\Users\\epj33\\Desktop\\Mark Bets\\src\\services\\db.service.ts:32:22)\n    at async bootstrap (C:\\Users\\epj33\\Desktop\\Mark Bets\\src\\app.ts:11:7)","timestamp":"2025-08-06T20:13:54.482Z"}
{"code":"ECONNREFUSED","level":"warn","message":"Database connection failed, running without database:","service":"ionoi-bets","stack":"AggregateError\n    at C:\\Users\\epj33\\Desktop\\Mark Bets\\node_modules\\pg-pool\\index.js:45:11\n    at processTicksAndRejections (node:internal/process/task_queues:105:5)\n    at async DatabaseService.connect (C:\\Users\\epj33\\Desktop\\Mark Bets\\src\\services\\db.service.ts:32:22)\n    at async bootstrap (C:\\Users\\epj33\\Desktop\\Mark Bets\\src\\app.ts:11:7)","timestamp":"2025-08-06T20:13:54.483Z"}
{"level":"info","message":"Application started successfully","service":"ionoi-bets","timestamp":"2025-08-06T20:13:54.483Z"}
{"level":"info","message":"Starting IonoI Bets application...","service":"ionoi-bets","timestamp":"2025-08-06T20:13:59.464Z"}
{"level":"info","message":"Server running on port 3000","service":"ionoi-bets","timestamp":"2025-08-06T20:13:59.470Z"}
{"level":"info","message":"Dashboard available at http://localhost:3000","service":"ionoi-bets","timestamp":"2025-08-06T20:13:59.471Z"}
{"level":"info","message":"API available at http://localhost:3000/api","service":"ionoi-bets","timestamp":"2025-08-06T20:13:59.471Z"}
{"code":"ECONNREFUSED","level":"error","message":"Failed to connect to database:","service":"ionoi-bets","stack":"AggregateError\n    at C:\\Users\\epj33\\Desktop\\Mark Bets\\node_modules\\pg-pool\\index.js:45:11\n    at processTicksAndRejections (node:internal/process/task_queues:105:5)\n    at async DatabaseService.connect (C:\\Users\\epj33\\Desktop\\Mark Bets\\src\\services\\db.service.ts:32:22)\n    at async bootstrap (C:\\Users\\epj33\\Desktop\\Mark Bets\\src\\app.ts:11:7)","timestamp":"2025-08-06T20:13:59.477Z"}
{"code":"ECONNREFUSED","level":"warn","message":"Database connection failed, running without database:","service":"ionoi-bets","stack":"AggregateError\n    at C:\\Users\\epj33\\Desktop\\Mark Bets\\node_modules\\pg-pool\\index.js:45:11\n    at processTicksAndRejections (node:internal/process/task_queues:105:5)\n    at async DatabaseService.connect (C:\\Users\\epj33\\Desktop\\Mark Bets\\src\\services\\db.service.ts:32:22)\n    at async bootstrap (C:\\Users\\epj33\\Desktop\\Mark Bets\\src\\app.ts:11:7)","timestamp":"2025-08-06T20:13:59.478Z"}
{"level":"info","message":"Application started successfully","service":"ionoi-bets","timestamp":"2025-08-06T20:13:59.478Z"}
{"level":"info","message":"Starting IonoI Bets application...","service":"ionoi-bets","timestamp":"2025-08-06T20:15:59.185Z"}
{"level":"info","message":"Server running on port 3000","service":"ionoi-bets","timestamp":"2025-08-06T20:15:59.191Z"}
{"level":"info","message":"Dashboard available at http://localhost:3000","service":"ionoi-bets","timestamp":"2025-08-06T20:15:59.192Z"}
{"level":"info","message":"API available at http://localhost:3000/api","service":"ionoi-bets","timestamp":"2025-08-06T20:15:59.192Z"}
{"code":"ECONNREFUSED","level":"error","message":"Failed to connect to database:","service":"ionoi-bets","stack":"AggregateError\n    at C:\\Users\\epj33\\Desktop\\Mark Bets\\node_modules\\pg-pool\\index.js:45:11\n    at processTicksAndRejections (node:internal/process/task_queues:105:5)\n    at async DatabaseService.connect (C:\\Users\\epj33\\Desktop\\Mark Bets\\src\\services\\db.service.ts:32:22)\n    at async bootstrap (C:\\Users\\epj33\\Desktop\\Mark Bets\\src\\app.ts:11:7)","timestamp":"2025-08-06T20:15:59.198Z"}
{"code":"ECONNREFUSED","level":"warn","message":"Database connection failed, running without database:","service":"ionoi-bets","stack":"AggregateError\n    at C:\\Users\\epj33\\Desktop\\Mark Bets\\node_modules\\pg-pool\\index.js:45:11\n    at processTicksAndRejections (node:internal/process/task_queues:105:5)\n    at async DatabaseService.connect (C:\\Users\\epj33\\Desktop\\Mark Bets\\src\\services\\db.service.ts:32:22)\n    at async bootstrap (C:\\Users\\epj33\\Desktop\\Mark Bets\\src\\app.ts:11:7)","timestamp":"2025-08-06T20:15:59.199Z"}
{"level":"info","message":"Application started successfully","service":"ionoi-bets","timestamp":"2025-08-06T20:15:59.199Z"}
{"level":"info","message":"Starting IonoI Bets application...","service":"ionoi-bets","timestamp":"2025-08-06T20:16:39.545Z"}
{"level":"info","message":"Server running on port 3000","service":"ionoi-bets","timestamp":"2025-08-06T20:16:39.551Z"}
{"level":"info","message":"Dashboard available at http://localhost:3000","service":"ionoi-bets","timestamp":"2025-08-06T20:16:39.551Z"}
{"level":"info","message":"API available at http://localhost:3000/api","service":"ionoi-bets","timestamp":"2025-08-06T20:16:39.551Z"}
{"code":"ECONNREFUSED","level":"error","message":"Failed to connect to database:","service":"ionoi-bets","stack":"AggregateError\n    at C:\\Users\\epj33\\Desktop\\Mark Bets\\node_modules\\pg-pool\\index.js:45:11\n    at processTicksAndRejections (node:internal/process/task_queues:105:5)\n    at async DatabaseService.connect (C:\\Users\\epj33\\Desktop\\Mark Bets\\src\\services\\db.service.ts:32:22)\n    at async bootstrap (C:\\Users\\epj33\\Desktop\\Mark Bets\\src\\app.ts:11:7)","timestamp":"2025-08-06T20:16:39.558Z"}
{"code":"ECONNREFUSED","level":"warn","message":"Database connection failed, running without database:","service":"ionoi-bets","stack":"AggregateError\n    at C:\\Users\\epj33\\Desktop\\Mark Bets\\node_modules\\pg-pool\\index.js:45:11\n    at processTicksAndRejections (node:internal/process/task_queues:105:5)\n    at async DatabaseService.connect (C:\\Users\\epj33\\Desktop\\Mark Bets\\src\\services\\db.service.ts:32:22)\n    at async bootstrap (C:\\Users\\epj33\\Desktop\\Mark Bets\\src\\app.ts:11:7)","timestamp":"2025-08-06T20:16:39.558Z"}
{"level":"info","message":"Application started successfully","service":"ionoi-bets","timestamp":"2025-08-06T20:16:39.558Z"}
{"level":"info","message":"Starting IonoI Bets application...","service":"ionoi-bets","timestamp":"2025-08-06T20:17:32.632Z"}
{"level":"info","message":"Server running on port 3000","service":"ionoi-bets","timestamp":"2025-08-06T20:17:32.639Z"}
{"level":"info","message":"Dashboard available at http://localhost:3000","service":"ionoi-bets","timestamp":"2025-08-06T20:17:32.639Z"}
{"level":"info","message":"API available at http://localhost:3000/api","service":"ionoi-bets","timestamp":"2025-08-06T20:17:32.640Z"}
{"code":"ECONNREFUSED","level":"error","message":"Failed to connect to database:","service":"ionoi-bets","stack":"AggregateError\n    at C:\\Users\\epj33\\Desktop\\Mark Bets\\node_modules\\pg-pool\\index.js:45:11\n    at processTicksAndRejections (node:internal/process/task_queues:105:5)\n    at async DatabaseService.connect (C:\\Users\\epj33\\Desktop\\Mark Bets\\src\\services\\db.service.ts:32:22)\n    at async bootstrap (C:\\Users\\epj33\\Desktop\\Mark Bets\\src\\app.ts:11:7)","timestamp":"2025-08-06T20:17:32.646Z"}
{"code":"ECONNREFUSED","level":"warn","message":"Database connection failed, running without database:","service":"ionoi-bets","stack":"AggregateError\n    at C:\\Users\\epj33\\Desktop\\Mark Bets\\node_modules\\pg-pool\\index.js:45:11\n    at processTicksAndRejections (node:internal/process/task_queues:105:5)\n    at async DatabaseService.connect (C:\\Users\\epj33\\Desktop\\Mark Bets\\src\\services\\db.service.ts:32:22)\n    at async bootstrap (C:\\Users\\epj33\\Desktop\\Mark Bets\\src\\app.ts:11:7)","timestamp":"2025-08-06T20:17:32.647Z"}
{"level":"info","message":"Application started successfully","service":"ionoi-bets","timestamp":"2025-08-06T20:17:32.647Z"}
{"level":"info","message":"Starting IonoI Bets application...","service":"ionoi-bets","timestamp":"2025-08-06T20:18:05.006Z"}
{"level":"info","message":"Server running on port 3000","service":"ionoi-bets","timestamp":"2025-08-06T20:18:05.012Z"}
{"level":"info","message":"Dashboard available at http://localhost:3000","service":"ionoi-bets","timestamp":"2025-08-06T20:18:05.013Z"}
{"level":"info","message":"API available at http://localhost:3000/api","service":"ionoi-bets","timestamp":"2025-08-06T20:18:05.013Z"}
{"code":"ECONNREFUSED","level":"error","message":"Failed to connect to database:","service":"ionoi-bets","stack":"AggregateError\n    at C:\\Users\\epj33\\Desktop\\Mark Bets\\node_modules\\pg-pool\\index.js:45:11\n    at processTicksAndRejections (node:internal/process/task_queues:105:5)\n    at async DatabaseService.connect (C:\\Users\\epj33\\Desktop\\Mark Bets\\src\\services\\db.service.ts:32:22)\n    at async bootstrap (C:\\Users\\epj33\\Desktop\\Mark Bets\\src\\app.ts:11:7)","timestamp":"2025-08-06T20:18:05.019Z"}
{"code":"ECONNREFUSED","level":"warn","message":"Database connection failed, running without database:","service":"ionoi-bets","stack":"AggregateError\n    at C:\\Users\\epj33\\Desktop\\Mark Bets\\node_modules\\pg-pool\\index.js:45:11\n    at processTicksAndRejections (node:internal/process/task_queues:105:5)\n    at async DatabaseService.connect (C:\\Users\\epj33\\Desktop\\Mark Bets\\src\\services\\db.service.ts:32:22)\n    at async bootstrap (C:\\Users\\epj33\\Desktop\\Mark Bets\\src\\app.ts:11:7)","timestamp":"2025-08-06T20:18:05.020Z"}
{"level":"info","message":"Application started successfully","service":"ionoi-bets","timestamp":"2025-08-06T20:18:05.020Z"}
{"level":"info","message":"Starting IonoI Bets application...","service":"ionoi-bets","timestamp":"2025-08-06T20:19:41.157Z"}
{"level":"info","message":"Server running on port 3000","service":"ionoi-bets","timestamp":"2025-08-06T20:19:41.163Z"}
{"level":"info","message":"Dashboard available at http://localhost:3000","service":"ionoi-bets","timestamp":"2025-08-06T20:19:41.164Z"}
{"level":"info","message":"API available at http://localhost:3000/api","service":"ionoi-bets","timestamp":"2025-08-06T20:19:41.164Z"}
{"code":"ECONNREFUSED","level":"error","message":"Failed to connect to database:","service":"ionoi-bets","stack":"AggregateError\n    at C:\\Users\\epj33\\Desktop\\Mark Bets\\node_modules\\pg-pool\\index.js:45:11\n    at processTicksAndRejections (node:internal/process/task_queues:105:5)\n    at async DatabaseService.connect (C:\\Users\\epj33\\Desktop\\Mark Bets\\src\\services\\db.service.ts:32:22)\n    at async bootstrap (C:\\Users\\epj33\\Desktop\\Mark Bets\\src\\app.ts:11:7)","timestamp":"2025-08-06T20:19:41.170Z"}
{"code":"ECONNREFUSED","level":"warn","message":"Database connection failed, running without database:","service":"ionoi-bets","stack":"AggregateError\n    at C:\\Users\\epj33\\Desktop\\Mark Bets\\node_modules\\pg-pool\\index.js:45:11\n    at processTicksAndRejections (node:internal/process/task_queues:105:5)\n    at async DatabaseService.connect (C:\\Users\\epj33\\Desktop\\Mark Bets\\src\\services\\db.service.ts:32:22)\n    at async bootstrap (C:\\Users\\epj33\\Desktop\\Mark Bets\\src\\app.ts:11:7)","timestamp":"2025-08-06T20:19:41.171Z"}
{"level":"info","message":"Application started successfully","service":"ionoi-bets","timestamp":"2025-08-06T20:19:41.171Z"}
{"level":"info","message":"Starting IonoI Bets application...","service":"ionoi-bets","timestamp":"2025-08-06T20:19:47.544Z"}
{"level":"info","message":"Server running on port 3000","service":"ionoi-bets","timestamp":"2025-08-06T20:19:47.550Z"}
{"level":"info","message":"Dashboard available at http://localhost:3000","service":"ionoi-bets","timestamp":"2025-08-06T20:19:47.550Z"}
{"level":"info","message":"API available at http://localhost:3000/api","service":"ionoi-bets","timestamp":"2025-08-06T20:19:47.550Z"}
{"code":"ECONNREFUSED","level":"error","message":"Failed to connect to database:","service":"ionoi-bets","stack":"AggregateError\n    at C:\\Users\\epj33\\Desktop\\Mark Bets\\node_modules\\pg-pool\\index.js:45:11\n    at processTicksAndRejections (node:internal/process/task_queues:105:5)\n    at async DatabaseService.connect (C:\\Users\\epj33\\Desktop\\Mark Bets\\src\\services\\db.service.ts:32:22)\n    at async bootstrap (C:\\Users\\epj33\\Desktop\\Mark Bets\\src\\app.ts:11:7)","timestamp":"2025-08-06T20:19:47.557Z"}
{"code":"ECONNREFUSED","level":"warn","message":"Database connection failed, running without database:","service":"ionoi-bets","stack":"AggregateError\n    at C:\\Users\\epj33\\Desktop\\Mark Bets\\node_modules\\pg-pool\\index.js:45:11\n    at processTicksAndRejections (node:internal/process/task_queues:105:5)\n    at async DatabaseService.connect (C:\\Users\\epj33\\Desktop\\Mark Bets\\src\\services\\db.service.ts:32:22)\n    at async bootstrap (C:\\Users\\epj33\\Desktop\\Mark Bets\\src\\app.ts:11:7)","timestamp":"2025-08-06T20:19:47.558Z"}
{"level":"info","message":"Application started successfully","service":"ionoi-bets","timestamp":"2025-08-06T20:19:47.558Z"}
{"level":"info","message":"Starting IonoI Bets application...","service":"ionoi-bets","timestamp":"2025-08-06T20:19:57.833Z"}
{"level":"info","message":"Server running on port 3000","service":"ionoi-bets","timestamp":"2025-08-06T20:19:57.839Z"}
{"level":"info","message":"Dashboard available at http://localhost:3000","service":"ionoi-bets","timestamp":"2025-08-06T20:19:57.839Z"}
{"level":"info","message":"API available at http://localhost:3000/api","service":"ionoi-bets","timestamp":"2025-08-06T20:19:57.840Z"}
{"code":"ECONNREFUSED","level":"error","message":"Failed to connect to database:","service":"ionoi-bets","stack":"AggregateError\n    at C:\\Users\\epj33\\Desktop\\Mark Bets\\node_modules\\pg-pool\\index.js:45:11\n    at processTicksAndRejections (node:internal/process/task_queues:105:5)\n    at async DatabaseService.connect (C:\\Users\\epj33\\Desktop\\Mark Bets\\src\\services\\db.service.ts:32:22)\n    at async bootstrap (C:\\Users\\epj33\\Desktop\\Mark Bets\\src\\app.ts:11:7)","timestamp":"2025-08-06T20:19:57.848Z"}
{"code":"ECONNREFUSED","level":"warn","message":"Database connection failed, running without database:","service":"ionoi-bets","stack":"AggregateError\n    at C:\\Users\\epj33\\Desktop\\Mark Bets\\node_modules\\pg-pool\\index.js:45:11\n    at processTicksAndRejections (node:internal/process/task_queues:105:5)\n    at async DatabaseService.connect (C:\\Users\\epj33\\Desktop\\Mark Bets\\src\\services\\db.service.ts:32:22)\n    at async bootstrap (C:\\Users\\epj33\\Desktop\\Mark Bets\\src\\app.ts:11:7)","timestamp":"2025-08-06T20:19:57.851Z"}
{"level":"info","message":"Application started successfully","service":"ionoi-bets","timestamp":"2025-08-06T20:19:57.851Z"}
{"level":"info","message":"Starting IonoI Bets application...","service":"ionoi-bets","timestamp":"2025-08-06T20:22:00.028Z"}
{"level":"info","message":"Server running on port 3000","service":"ionoi-bets","timestamp":"2025-08-06T20:22:00.034Z"}
{"level":"info","message":"Dashboard available at http://localhost:3000","service":"ionoi-bets","timestamp":"2025-08-06T20:22:00.035Z"}
{"level":"info","message":"API available at http://localhost:3000/api","service":"ionoi-bets","timestamp":"2025-08-06T20:22:00.035Z"}
{"code":"ECONNREFUSED","level":"error","message":"Failed to connect to database:","service":"ionoi-bets","stack":"AggregateError\n    at C:\\Users\\epj33\\Desktop\\Mark Bets\\node_modules\\pg-pool\\index.js:45:11\n    at processTicksAndRejections (node:internal/process/task_queues:105:5)\n    at async DatabaseService.connect (C:\\Users\\epj33\\Desktop\\Mark Bets\\src\\services\\db.service.ts:32:22)\n    at async bootstrap (C:\\Users\\epj33\\Desktop\\Mark Bets\\src\\app.ts:11:7)","timestamp":"2025-08-06T20:22:00.041Z"}
{"code":"ECONNREFUSED","level":"warn","message":"Database connection failed, running without database:","service":"ionoi-bets","stack":"AggregateError\n    at C:\\Users\\epj33\\Desktop\\Mark Bets\\node_modules\\pg-pool\\index.js:45:11\n    at processTicksAndRejections (node:internal/process/task_queues:105:5)\n    at async DatabaseService.connect (C:\\Users\\epj33\\Desktop\\Mark Bets\\src\\services\\db.service.ts:32:22)\n    at async bootstrap (C:\\Users\\epj33\\Desktop\\Mark Bets\\src\\app.ts:11:7)","timestamp":"2025-08-06T20:22:00.042Z"}
{"level":"info","message":"Application started successfully","service":"ionoi-bets","timestamp":"2025-08-06T20:22:00.042Z"}
{"level":"info","message":"Starting IonoI Bets application...","service":"ionoi-bets","timestamp":"2025-08-06T20:22:10.013Z"}
{"level":"info","message":"Server running on port 3000","service":"ionoi-bets","timestamp":"2025-08-06T20:22:10.021Z"}
{"level":"info","message":"Dashboard available at http://localhost:3000","service":"ionoi-bets","timestamp":"2025-08-06T20:22:10.021Z"}
{"level":"info","message":"API available at http://localhost:3000/api","service":"ionoi-bets","timestamp":"2025-08-06T20:22:10.021Z"}
{"code":"ECONNREFUSED","level":"error","message":"Failed to connect to database:","service":"ionoi-bets","stack":"AggregateError\n    at C:\\Users\\epj33\\Desktop\\Mark Bets\\node_modules\\pg-pool\\index.js:45:11\n    at processTicksAndRejections (node:internal/process/task_queues:105:5)\n    at async DatabaseService.connect (C:\\Users\\epj33\\Desktop\\Mark Bets\\src\\services\\db.service.ts:32:22)\n    at async bootstrap (C:\\Users\\epj33\\Desktop\\Mark Bets\\src\\app.ts:11:7)","timestamp":"2025-08-06T20:22:10.029Z"}
{"code":"ECONNREFUSED","level":"warn","message":"Database connection failed, running without database:","service":"ionoi-bets","stack":"AggregateError\n    at C:\\Users\\epj33\\Desktop\\Mark Bets\\node_modules\\pg-pool\\index.js:45:11\n    at processTicksAndRejections (node:internal/process/task_queues:105:5)\n    at async DatabaseService.connect (C:\\Users\\epj33\\Desktop\\Mark Bets\\src\\services\\db.service.ts:32:22)\n    at async bootstrap (C:\\Users\\epj33\\Desktop\\Mark Bets\\src\\app.ts:11:7)","timestamp":"2025-08-06T20:22:10.029Z"}
{"level":"info","message":"Application started successfully","service":"ionoi-bets","timestamp":"2025-08-06T20:22:10.030Z"}
{"level":"info","message":"Starting IonoI Bets application...","service":"ionoi-bets","timestamp":"2025-08-06T20:22:51.790Z"}
{"level":"info","message":"Server running on port 3000","service":"ionoi-bets","timestamp":"2025-08-06T20:22:51.796Z"}
{"level":"info","message":"Dashboard available at http://localhost:3000","service":"ionoi-bets","timestamp":"2025-08-06T20:22:51.796Z"}
{"level":"info","message":"API available at http://localhost:3000/api","service":"ionoi-bets","timestamp":"2025-08-06T20:22:51.796Z"}
{"code":"ECONNREFUSED","level":"error","message":"Failed to connect to database:","service":"ionoi-bets","stack":"AggregateError\n    at C:\\Users\\epj33\\Desktop\\Mark Bets\\node_modules\\pg-pool\\index.js:45:11\n    at processTicksAndRejections (node:internal/process/task_queues:105:5)\n    at async DatabaseService.connect (C:\\Users\\epj33\\Desktop\\Mark Bets\\src\\services\\db.service.ts:32:22)\n    at async bootstrap (C:\\Users\\epj33\\Desktop\\Mark Bets\\src\\app.ts:11:7)","timestamp":"2025-08-06T20:22:51.805Z"}
{"code":"ECONNREFUSED","level":"warn","message":"Database connection failed, running without database:","service":"ionoi-bets","stack":"AggregateError\n    at C:\\Users\\epj33\\Desktop\\Mark Bets\\node_modules\\pg-pool\\index.js:45:11\n    at processTicksAndRejections (node:internal/process/task_queues:105:5)\n    at async DatabaseService.connect (C:\\Users\\epj33\\Desktop\\Mark Bets\\src\\services\\db.service.ts:32:22)\n    at async bootstrap (C:\\Users\\epj33\\Desktop\\Mark Bets\\src\\app.ts:11:7)","timestamp":"2025-08-06T20:22:51.806Z"}
{"level":"info","message":"Application started successfully","service":"ionoi-bets","timestamp":"2025-08-06T20:22:51.806Z"}
{"level":"info","message":"Received SIGINT, shutting down gracefully...","service":"ionoi-bets","timestamp":"2025-08-06T20:23:48.595Z"}
{"level":"info","message":"Starting IonoI Bets application...","service":"ionoi-bets","timestamp":"2025-08-06T20:23:50.945Z"}
{"level":"info","message":"Server running on port 3000","service":"ionoi-bets","timestamp":"2025-08-06T20:23:50.951Z"}
{"level":"info","message":"Dashboard available at http://localhost:3000","service":"ionoi-bets","timestamp":"2025-08-06T20:23:50.952Z"}
{"level":"info","message":"API available at http://localhost:3000/api","service":"ionoi-bets","timestamp":"2025-08-06T20:23:50.952Z"}
{"code":"ECONNREFUSED","level":"error","message":"Failed to connect to database:","service":"ionoi-bets","stack":"AggregateError\n    at C:\\Users\\epj33\\Desktop\\Mark Bets\\node_modules\\pg-pool\\index.js:45:11\n    at processTicksAndRejections (node:internal/process/task_queues:105:5)\n    at async DatabaseService.connect (C:\\Users\\epj33\\Desktop\\Mark Bets\\src\\services\\db.service.ts:32:22)\n    at async bootstrap (C:\\Users\\epj33\\Desktop\\Mark Bets\\src\\app.ts:11:7)","timestamp":"2025-08-06T20:23:50.960Z"}
{"code":"ECONNREFUSED","level":"warn","message":"Database connection failed, running without database:","service":"ionoi-bets","stack":"AggregateError\n    at C:\\Users\\epj33\\Desktop\\Mark Bets\\node_modules\\pg-pool\\index.js:45:11\n    at processTicksAndRejections (node:internal/process/task_queues:105:5)\n    at async DatabaseService.connect (C:\\Users\\epj33\\Desktop\\Mark Bets\\src\\services\\db.service.ts:32:22)\n    at async bootstrap (C:\\Users\\epj33\\Desktop\\Mark Bets\\src\\app.ts:11:7)","timestamp":"2025-08-06T20:23:50.960Z"}
{"level":"info","message":"Application started successfully","service":"ionoi-bets","timestamp":"2025-08-06T20:23:50.961Z"}
{"level":"info","message":"Starting IonoI Bets application...","service":"ionoi-bets","timestamp":"2025-08-06T20:26:20.682Z"}
{"level":"info","message":"Server running on port 3000","service":"ionoi-bets","timestamp":"2025-08-06T20:26:20.688Z"}
{"level":"info","message":"Dashboard available at http://localhost:3000","service":"ionoi-bets","timestamp":"2025-08-06T20:26:20.688Z"}
{"level":"info","message":"API available at http://localhost:3000/api","service":"ionoi-bets","timestamp":"2025-08-06T20:26:20.688Z"}
{"code":"ECONNREFUSED","level":"error","message":"Failed to connect to database:","service":"ionoi-bets","stack":"AggregateError\n    at C:\\Users\\epj33\\Desktop\\Mark Bets\\node_modules\\pg-pool\\index.js:45:11\n    at processTicksAndRejections (node:internal/process/task_queues:105:5)\n    at async DatabaseService.connect (C:\\Users\\epj33\\Desktop\\Mark Bets\\src\\services\\db.service.ts:32:22)\n    at async bootstrap (C:\\Users\\epj33\\Desktop\\Mark Bets\\src\\app.ts:11:7)","timestamp":"2025-08-06T20:26:20.696Z"}
{"code":"ECONNREFUSED","level":"warn","message":"Database connection failed, running without database:","service":"ionoi-bets","stack":"AggregateError\n    at C:\\Users\\epj33\\Desktop\\Mark Bets\\node_modules\\pg-pool\\index.js:45:11\n    at processTicksAndRejections (node:internal/process/task_queues:105:5)\n    at async DatabaseService.connect (C:\\Users\\epj33\\Desktop\\Mark Bets\\src\\services\\db.service.ts:32:22)\n    at async bootstrap (C:\\Users\\epj33\\Desktop\\Mark Bets\\src\\app.ts:11:7)","timestamp":"2025-08-06T20:26:20.696Z"}
{"level":"info","message":"Application started successfully","service":"ionoi-bets","timestamp":"2025-08-06T20:26:20.697Z"}
{"level":"info","message":"Starting IonoI Bets application...","service":"ionoi-bets","timestamp":"2025-08-06T20:26:56.634Z"}
{"level":"info","message":"Server running on port 3000","service":"ionoi-bets","timestamp":"2025-08-06T20:26:56.640Z"}
{"level":"info","message":"Dashboard available at http://localhost:3000","service":"ionoi-bets","timestamp":"2025-08-06T20:26:56.640Z"}
{"level":"info","message":"API available at http://localhost:3000/api","service":"ionoi-bets","timestamp":"2025-08-06T20:26:56.641Z"}
{"code":"ECONNREFUSED","level":"error","message":"Failed to connect to database:","service":"ionoi-bets","stack":"AggregateError\n    at C:\\Users\\epj33\\Desktop\\Mark Bets\\node_modules\\pg-pool\\index.js:45:11\n    at processTicksAndRejections (node:internal/process/task_queues:105:5)\n    at async DatabaseService.connect (C:\\Users\\epj33\\Desktop\\Mark Bets\\src\\services\\db.service.ts:32:22)\n    at async bootstrap (C:\\Users\\epj33\\Desktop\\Mark Bets\\src\\app.ts:11:7)","timestamp":"2025-08-06T20:26:56.649Z"}
{"code":"ECONNREFUSED","level":"warn","message":"Database connection failed, running without database:","service":"ionoi-bets","stack":"AggregateError\n    at C:\\Users\\epj33\\Desktop\\Mark Bets\\node_modules\\pg-pool\\index.js:45:11\n    at processTicksAndRejections (node:internal/process/task_queues:105:5)\n    at async DatabaseService.connect (C:\\Users\\epj33\\Desktop\\Mark Bets\\src\\services\\db.service.ts:32:22)\n    at async bootstrap (C:\\Users\\epj33\\Desktop\\Mark Bets\\src\\app.ts:11:7)","timestamp":"2025-08-06T20:26:56.649Z"}
{"level":"info","message":"Application started successfully","service":"ionoi-bets","timestamp":"2025-08-06T20:26:56.649Z"}
{"level":"info","message":"Starting IonoI Bets application...","service":"ionoi-bets","timestamp":"2025-08-06T20:29:08.019Z"}
{"level":"info","message":"Server running on port 3000","service":"ionoi-bets","timestamp":"2025-08-06T20:29:08.025Z"}
{"level":"info","message":"Dashboard available at http://localhost:3000","service":"ionoi-bets","timestamp":"2025-08-06T20:29:08.025Z"}
{"level":"info","message":"API available at http://localhost:3000/api","service":"ionoi-bets","timestamp":"2025-08-06T20:29:08.026Z"}
{"code":"ECONNREFUSED","level":"error","message":"Failed to connect to database:","service":"ionoi-bets","stack":"AggregateError\n    at C:\\Users\\epj33\\Desktop\\Mark Bets\\node_modules\\pg-pool\\index.js:45:11\n    at processTicksAndRejections (node:internal/process/task_queues:105:5)\n    at async DatabaseService.connect (C:\\Users\\epj33\\Desktop\\Mark Bets\\src\\services\\db.service.ts:32:22)\n    at async bootstrap (C:\\Users\\epj33\\Desktop\\Mark Bets\\src\\app.ts:11:7)","timestamp":"2025-08-06T20:29:08.034Z"}
{"code":"ECONNREFUSED","level":"warn","message":"Database connection failed, running without database:","service":"ionoi-bets","stack":"AggregateError\n    at C:\\Users\\epj33\\Desktop\\Mark Bets\\node_modules\\pg-pool\\index.js:45:11\n    at processTicksAndRejections (node:internal/process/task_queues:105:5)\n    at async DatabaseService.connect (C:\\Users\\epj33\\Desktop\\Mark Bets\\src\\services\\db.service.ts:32:22)\n    at async bootstrap (C:\\Users\\epj33\\Desktop\\Mark Bets\\src\\app.ts:11:7)","timestamp":"2025-08-06T20:29:08.034Z"}
{"level":"info","message":"Application started successfully","service":"ionoi-bets","timestamp":"2025-08-06T20:29:08.034Z"}
{"level":"info","message":"Starting IonoI Bets application...","service":"ionoi-bets","timestamp":"2025-08-06T20:29:11.550Z"}
{"level":"info","message":"Server running on port 3000","service":"ionoi-bets","timestamp":"2025-08-06T20:29:11.556Z"}
{"level":"info","message":"Dashboard available at http://localhost:3000","service":"ionoi-bets","timestamp":"2025-08-06T20:29:11.557Z"}
{"level":"info","message":"API available at http://localhost:3000/api","service":"ionoi-bets","timestamp":"2025-08-06T20:29:11.557Z"}
{"code":"ECONNREFUSED","level":"error","message":"Failed to connect to database:","service":"ionoi-bets","stack":"AggregateError\n    at C:\\Users\\epj33\\Desktop\\Mark Bets\\node_modules\\pg-pool\\index.js:45:11\n    at processTicksAndRejections (node:internal/process/task_queues:105:5)\n    at async DatabaseService.connect (C:\\Users\\epj33\\Desktop\\Mark Bets\\src\\services\\db.service.ts:32:22)\n    at async bootstrap (C:\\Users\\epj33\\Desktop\\Mark Bets\\src\\app.ts:11:7)","timestamp":"2025-08-06T20:29:11.565Z"}
{"code":"ECONNREFUSED","level":"warn","message":"Database connection failed, running without database:","service":"ionoi-bets","stack":"AggregateError\n    at C:\\Users\\epj33\\Desktop\\Mark Bets\\node_modules\\pg-pool\\index.js:45:11\n    at processTicksAndRejections (node:internal/process/task_queues:105:5)\n    at async DatabaseService.connect (C:\\Users\\epj33\\Desktop\\Mark Bets\\src\\services\\db.service.ts:32:22)\n    at async bootstrap (C:\\Users\\epj33\\Desktop\\Mark Bets\\src\\app.ts:11:7)","timestamp":"2025-08-06T20:29:11.566Z"}
{"level":"info","message":"Application started successfully","service":"ionoi-bets","timestamp":"2025-08-06T20:29:11.566Z"}
{"level":"info","message":"Starting IonoI Bets application...","service":"ionoi-bets","timestamp":"2025-08-06T20:29:39.502Z"}
{"level":"info","message":"Server running on port 3000","service":"ionoi-bets","timestamp":"2025-08-06T20:29:39.509Z"}
{"level":"info","message":"Dashboard available at http://localhost:3000","service":"ionoi-bets","timestamp":"2025-08-06T20:29:39.509Z"}
{"level":"info","message":"API available at http://localhost:3000/api","service":"ionoi-bets","timestamp":"2025-08-06T20:29:39.510Z"}
{"code":"ECONNREFUSED","level":"error","message":"Failed to connect to database:","service":"ionoi-bets","stack":"AggregateError\n    at C:\\Users\\epj33\\Desktop\\Mark Bets\\node_modules\\pg-pool\\index.js:45:11\n    at processTicksAndRejections (node:internal/process/task_queues:105:5)\n    at async DatabaseService.connect (C:\\Users\\epj33\\Desktop\\Mark Bets\\src\\services\\db.service.ts:32:22)\n    at async bootstrap (C:\\Users\\epj33\\Desktop\\Mark Bets\\src\\app.ts:11:7)","timestamp":"2025-08-06T20:29:39.517Z"}
{"code":"ECONNREFUSED","level":"warn","message":"Database connection failed, running without database:","service":"ionoi-bets","stack":"AggregateError\n    at C:\\Users\\epj33\\Desktop\\Mark Bets\\node_modules\\pg-pool\\index.js:45:11\n    at processTicksAndRejections (node:internal/process/task_queues:105:5)\n    at async DatabaseService.connect (C:\\Users\\epj33\\Desktop\\Mark Bets\\src\\services\\db.service.ts:32:22)\n    at async bootstrap (C:\\Users\\epj33\\Desktop\\Mark Bets\\src\\app.ts:11:7)","timestamp":"2025-08-06T20:29:39.517Z"}
{"level":"info","message":"Application started successfully","service":"ionoi-bets","timestamp":"2025-08-06T20:29:39.518Z"}
